2015/11/24 22:17:27 running from /home/nitrous/.heroku/heroku-cli
2015/11/24 22:17:27 heroku-cli: Adding dependencies...
2015/11/24 22:17:30  done
2015/11/24 22:17:30 heroku-cli: Installing core plugins...
2015/11/24 22:17:56  done
2015/11/24 22:17:56 running from /home/nitrous/.heroku/heroku-cli
2015/11/24 22:18:02 running from /home/nitrous/.heroku/heroku-cli
2015/11/24 22:18:02 running from /home/nitrous/.heroku/heroku-cli
2015/11/24 22:18:02 running from /home/nitrous/.heroku/heroku-cli
2015/11/24 22:18:29 running from /home/nitrous/.heroku/heroku-cli
2015/11/24 22:18:29 running from /home/nitrous/.heroku/heroku-cli
2015/11/24 22:18:29 Email: 
2015/11/24 22:18:51 [31m ▸    [39mAuthentication failure.
2015/11/24 22:18:55 running from /home/nitrous/.heroku/heroku-cli
2015/11/24 22:18:55 running from /home/nitrous/.heroku/heroku-cli
2015/11/24 22:18:55 Email: 
2015/11/24 22:19:15 running from /home/nitrous/.heroku/heroku-cli
2015/11/24 22:19:57 running from /home/nitrous/.heroku/heroku-cli
2015/11/24 22:22:15 running from /home/nitrous/.heroku/heroku-cli
2015/11/24 22:27:09 running from /home/nitrous/.heroku/heroku-cli
2015/11/24 22:27:09 running from /home/nitrous/.heroku/heroku-cli
2015/11/24 22:27:09 running from /home/nitrous/.heroku/heroku-cli
2015/11/24 22:27:10 Updating plugins... 
2015/11/24 22:27:11 done
2015/11/24 22:27:45 running from /home/nitrous/.heroku/heroku-cli
2015/11/24 22:28:17 running from /home/nitrous/.heroku/heroku-cli
2015/11/24 22:28:17 running from /home/nitrous/.heroku/heroku-cli
2015/11/24 22:30:15 running from /home/nitrous/.heroku/heroku-cli
2015/11/24 22:30:15 running from /home/nitrous/.heroku/heroku-cli
2015/11/24 22:31:30 running from /home/nitrous/.heroku/heroku-cli
2015/11/24 22:31:30 running from /home/nitrous/.heroku/heroku-cli
2015/11/24 22:36:16 running from /home/nitrous/.heroku/heroku-cli
2015/11/24 22:40:33 running from /home/nitrous/.heroku/heroku-cli
2015/11/24 22:40:40 running from /home/nitrous/.heroku/heroku-cli
2015/11/24 22:40:50 running from /home/nitrous/.heroku/heroku-cli
2015/11/24 22:40:50 running from /home/nitrous/.heroku/heroku-cli
2015/11/24 22:41:42 running from /home/nitrous/.heroku/heroku-cli
2015/11/24 22:41:42 running from /home/nitrous/.heroku/heroku-cli
2015/11/24 22:41:42 running from /home/nitrous/.heroku/heroku-cli
2015/11/24 22:41:42 Updating plugins... 
2015/11/24 22:41:43 done
